2022-05-10 22:50:47,747:INFO:Adding device function has been executed!
2022-05-10 22:51:05,882:CRITICAL:Router added to the blockchain!
2022-05-10 22:51:07,544:INFO:BlockChanger rebooted to commint new device!
2022-05-11 13:10:52,022:INFO:Adding device function has been executed!
2022-05-11 13:32:22,520:INFO:Adding device function has been executed!
2022-05-11 14:30:22,627:INFO:Adding device function has been executed!
2022-05-11 15:27:07,045:INFO:Adding device function has been executed!
2022-05-11 15:28:39,662:INFO:Adding device function has been executed!
2022-05-11 15:36:41,331:INFO:Adding device function has been executed!
2022-05-11 15:38:29,229:INFO:Adding device function has been executed!
2022-05-11 15:38:43,222:CRITICAL:Alexa added to the blockchain!
2022-05-11 15:39:21,343:INFO:BlockChanger rebooted to commint new device!
2022-05-11 15:39:38,131:INFO:Activate device function has been executed!
2022-05-11 15:40:03,153:INFO:Alexa has been activated!
2022-05-11 15:40:34,318:INFO:Activate device function has been executed!
2022-05-11 15:40:37,415:INFO:Alexa has been deactivated!
2022-05-11 15:41:42,553:INFO:Adding device function has been executed!
2022-05-11 15:42:53,316:INFO:Adding device function has been executed!
2022-05-11 15:43:20,125:CRITICAL:TV added to the blockchain!
2022-05-11 15:43:21,857:INFO:BlockChanger rebooted to commint new device!
2022-05-11 15:44:14,805:INFO:Exiting BlockChanger Settings
2022-05-13 21:33:51,666:INFO:Exiting BlockChanger Settings
2022-05-13 21:58:21,502:INFO:Exiting BlockChanger Settings
2022-05-13 22:02:44,907:INFO:Adding device function has been executed!
2022-05-13 22:03:04,997:INFO:Exiting BlockChanger Settings
2022-05-13 22:05:24,688:INFO:Adding device function has been executed!
2022-05-13 22:06:08,283:CRITICAL:kali added to the blockchain!
2022-05-13 22:06:22,065:INFO:BlockChanger rebooted to commint new device!
2022-05-13 22:06:27,886:INFO:Adding device function has been executed!
2022-05-13 22:06:50,379:CRITICAL:myphone added to the blockchain!
2022-05-13 22:06:52,815:INFO:BlockChanger rebooted to commint new device!
2022-05-13 22:07:46,765:INFO:Exiting BlockChanger Settings
2022-05-14 13:18:35,253:INFO:Adding device function has been executed!
2022-05-14 13:19:56,351:CRITICAL:windows added to the blockchain!
2022-05-14 13:20:36,098:INFO:BlockChanger rebooted to commint new device!
2022-05-18 20:45:30,448:INFO:Adding device function has been executed!
2022-05-18 20:46:34,277:INFO:Exiting BlockChanger Settings
2022-05-18 20:56:37,028:INFO:Adding device function has been executed!
2022-05-18 20:57:04,008:CRITICAL:Ahmed's_laptop added to the blockchain!
2022-05-18 21:29:02,685:INFO:Adding device function has been executed!
2022-05-18 21:31:09,462:CRITICAL:Ziyad's_laptop added to the blockchain!
2022-05-18 21:31:22,941:INFO:Exiting BlockChanger Settings
2022-05-20 12:14:58,009:INFO:Adding device function has been executed!
2022-05-20 12:15:04,454:INFO:Exiting BlockChanger Settings
2022-05-20 12:16:32,647:INFO:Adding device function has been executed!
2022-05-20 12:17:50,993:INFO:Exiting BlockChanger Settings
2022-05-20 12:29:36,686:INFO:Adding device function has been executed!
2022-05-20 12:31:14,974:INFO:Exiting BlockChanger Settings
2022-05-20 12:31:34,914:INFO:Adding device function has been executed!
2022-05-20 12:32:50,502:INFO:Adding device function has been executed!
2022-05-20 12:33:00,894:INFO:Exiting BlockChanger Settings
2022-05-20 12:33:37,077:INFO:Adding device function has been executed!
2022-05-21 19:51:35,176:INFO:Exiting BlockChanger Settings
2022-05-21 19:52:44,455:INFO:Exiting BlockChanger Settings
2022-05-21 20:04:35,220:INFO:Exiting BlockChanger Settings
2022-05-21 20:19:40,068:INFO:Exiting BlockChanger Settings
2022-05-21 20:21:51,665:INFO:Exiting BlockChanger Settings
2022-05-21 20:23:12,480:INFO:Adding device function has been executed!
2022-05-21 20:23:32,070:INFO:Exiting BlockChanger Settings
2022-05-21 20:28:01,608:INFO:Adding device function has been executed!
2022-05-21 20:30:14,371:INFO:Exiting BlockChanger Settings
2022-05-21 20:30:40,212:INFO:Adding device function has been executed!
2022-05-21 20:30:56,589:CRITICAL:BlockChanger added to the blockchain!
2022-05-21 20:31:09,174:INFO:Activate device function has been executed!
2022-05-21 20:31:17,327:INFO:BlockChanger has been activated!
2022-05-21 20:31:31,682:INFO:Activate device function has been executed!
2022-05-21 20:31:37,214:INFO:BlockChanger has been deactivated!
2022-05-21 20:35:47,497:INFO:Exiting BlockChanger Settings
2022-05-21 20:37:10,039:INFO:Exiting BlockChanger Settings
2022-05-21 20:44:35,427:INFO:Activate device function has been executed!
2022-05-21 20:44:39,137:INFO:blockchanger has been activated!
2022-05-21 20:46:35,224:INFO:Exiting BlockChanger Settings
2022-05-21 20:47:22,600:INFO:Activate device function has been executed!
2022-05-21 20:47:25,606:INFO:Ziyad's_laptop has been deactivated!
2022-05-21 20:47:29,431:INFO:Exiting BlockChanger Settings
2022-05-21 21:41:20,705:INFO:Activate device function has been executed!
2022-05-21 21:41:26,821:INFO:blockchanger has been activated!
2022-05-21 21:41:44,106:INFO:Activate device function has been executed!
2022-05-21 21:41:46,811:INFO:BlockChanger has been activated!
2022-05-21 21:42:15,859:INFO:Activate device function has been executed!
2022-05-21 21:42:18,421:INFO:Ahmed's_laptop has been deactivated!
2022-05-21 21:42:42,350:INFO:Exiting BlockChanger Settings
2022-05-21 21:45:35,252:INFO:Exiting BlockChanger Settings
2022-05-21 22:37:11,963:INFO:Exiting BlockChanger Settings
2022-05-22 09:19:10,640:INFO:Exiting BlockChanger Settings
2022-05-22 09:20:32,203:INFO:Adding device function has been executed!
2022-05-22 09:20:50,500:INFO:Exiting BlockChanger Settings
2022-05-22 09:26:57,857:INFO:Adding device function has been executed!
2022-05-22 09:27:59,981:INFO:Exiting BlockChanger Settings
2022-05-22 09:30:59,785:INFO:Adding device function has been executed!
2022-05-22 09:31:43,959:INFO:Exiting BlockChanger Settings
2022-05-22 10:22:43,633:INFO:Adding device function has been executed!
2022-05-22 10:23:38,441:CRITICAL:myphone added to the blockchain!
2022-05-22 10:25:09,172:INFO:Activate device function has been executed!
2022-05-22 10:25:29,594:INFO:myphone has been deactivated!
2022-05-22 10:25:46,544:INFO:Activate device function has been executed!
2022-05-22 10:25:53,122:INFO:myphone has been activated!
2022-05-22 10:26:36,721:INFO:Exiting BlockChanger Settings
2022-05-22 10:30:32,939:INFO:Activate device function has been executed!
2022-05-22 10:30:39,190:INFO:myphone has been deactivated!
2022-05-22 10:30:43,983:INFO:Exiting BlockChanger Settings
